name: train
run_id: commands[0]
env COMSPEC: C:\Windows\system32\cmd.exe
env NUMBER_OF_PROCESSORS: 8
env PATHEXT: .COM;.EXE;.BAT;.CMD;.VBS;.VBE;.JS;.JSE;.WSF;.WSH;.MSC;.CPL
env PROCESSOR_ARCHITECTURE: AMD64
env PROGRAMDATA: C:\ProgramData
env PROGRAMFILES: C:\Program Files
env PROGRAMFILES(X86): C:\Program Files (x86)
env SYSTEMDRIVE: C:
env SYSTEMROOT: C:\Windows
env TEMP: C:\Users\Hany\AppData\Local\Temp
env TMP: C:\Users\Hany\AppData\Local\Temp
env USERPROFILE: C:\Users\Hany
env LANG: en_US.UTF-8
env PATH: D:\Jio Institute\Q3\MLOps\MLOps-main\Session_3_ML_Pipeline\titanic-assignment\assignment_2\.tox\test_package\Scripts;C:\Windows\system32;C:\Windows;C:\Windows\System32\Wbem;C:\Windows\System32\WindowsPowerShell\v1.0\;C:\Windows\System32\OpenSSH\;C:\Program Files\Docker\Docker\resources\bin;C:\ProgramData\DockerDesktop\version-bin;C:\Program Files\Git\cmd;C:\Users\Hany\AppData\Local\Programs\Python\Python310\Scripts\;C:\Users\Hany\AppData\Local\Programs\Python\Python310\;C:\Users\Hany\AppData\Local\Microsoft\WindowsApps;C:\Users\Hany\AppData\Local\atom\bin;C:\Users\Hany\AppData\Local\Programs\Microsoft VS Code\bin;
env PYTHONHASHSEED: 113
env PIP_DISABLE_PIP_VERSION_CHECK: 1
env PYTHONIOENCODING: utf-8
env PYTHONPATH: .
env TOX_ENV_NAME: train
env TOX_WORK_DIR: D:\Jio Institute\Q3\MLOps\MLOps-main\Session_3_ML_Pipeline\titanic-assignment\assignment_2\.tox
env TOX_ENV_DIR: D:\Jio Institute\Q3\MLOps\MLOps-main\Session_3_ML_Pipeline\titanic-assignment\assignment_2\.tox\test_package
env VIRTUAL_ENV: D:\Jio Institute\Q3\MLOps\MLOps-main\Session_3_ML_Pipeline\titanic-assignment\assignment_2\.tox\test_package
env COLUMNS: 123
env LINES: 12
metadata pid: 99936
cwd: D:\Jio Institute\Q3\MLOps\MLOps-main\Session_3_ML_Pipeline\titanic-assignment\assignment_2
allow: D:\Jio Institute\Q3\MLOps\MLOps-main\Session_3_ML_Pipeline\titanic-assignment\assignment_2\.tox\test_package\Scripts\*
cmd: python classification_model/train_pipeline.py
exit_code: 0
